-- USE_CLANG=ON: Found clang at /usr/bin/clang and clang++ at /usr/bin/clang++; setting compilers to clang/clang++
-- Found ament_cmake: 1.3.12 (/opt/ros/humble/share/ament_cmake/cmake)
-- Found rclcpp: 16.0.15 (/opt/ros/humble/share/rclcpp/cmake)
-- Found rosidl_generator_c: 3.1.7 (/opt/ros/humble/share/rosidl_generator_c/cmake)
-- Found rosidl_adapter: 3.1.7 (/opt/ros/humble/share/rosidl_adapter/cmake)
-- Found rosidl_generator_cpp: 3.1.7 (/opt/ros/humble/share/rosidl_generator_cpp/cmake)
-- Using all available rosidl_typesupport_c: rosidl_typesupport_fastrtps_c;rosidl_typesupport_introspection_c
-- Using all available rosidl_typesupport_cpp: rosidl_typesupport_fastrtps_cpp;rosidl_typesupport_introspection_cpp
-- Found rmw_implementation_cmake: 6.1.2 (/opt/ros/humble/share/rmw_implementation_cmake/cmake)
-- Found rmw_fastrtps_cpp: 6.2.8 (/opt/ros/humble/share/rmw_fastrtps_cpp/cmake)
-- Using RMW implementation 'rmw_fastrtps_cpp' as default
-- Found sensor_msgs: 4.9.0 (/opt/ros/humble/share/sensor_msgs/cmake)
-- Found cv_bridge: 3.2.1 (/opt/ros/humble/share/cv_bridge/cmake)
-- Found ament_lint_auto: 0.12.14 (/opt/ros/humble/share/ament_lint_auto/cmake)
-- Added test 'cppcheck' to perform static code analysis on C / C++ code
-- Configured cppcheck include dirs: $<BUILD_INTERFACE:/home/skyworld/文档/Ros/src/hik_camera/include/hik_camera>
-- Configured cppcheck exclude dirs and/or files: 
-- Added test 'lint_cmake' to check CMake code style
-- Added test 'uncrustify' to check C / C++ code style
-- Configured uncrustify additional arguments: 
-- Added test 'xmllint' to check XML markup files
-- Configuring done
[0mYou have changed variables that require your cache to be deleted.
Configure will be re-run and you may have to reset some variables.
The following variables have changed:
CMAKE_C_COMPILER= /usr/bin/clang
CMAKE_CXX_COMPILER= /usr/bin/clang++
[0m
-- USE_CLANG=ON: Found clang at /usr/bin/clang and clang++ at /usr/bin/clang++; setting compilers to clang/clang++
-- The C compiler identification is Clang 14.0.0
-- The CXX compiler identification is Clang 14.0.0
-- Detecting C compiler ABI info
-- Detecting C compiler ABI info - done
-- Check for working C compiler: /usr/bin/clang - skipped
-- Detecting C compile features
-- Detecting C compile features - done
-- Detecting CXX compiler ABI info
-- Detecting CXX compiler ABI info - done
-- Check for working CXX compiler: /usr/bin/clang++ - skipped
-- Detecting CXX compile features
-- Detecting CXX compile features - done
-- Found ament_cmake: 1.3.12 (/opt/ros/humble/share/ament_cmake/cmake)
-- Found Python3: /usr/bin/python3 (found version "3.10.12") found components: Interpreter 
-- Found rclcpp: 16.0.15 (/opt/ros/humble/share/rclcpp/cmake)
-- Found rosidl_generator_c: 3.1.7 (/opt/ros/humble/share/rosidl_generator_c/cmake)
-- Found rosidl_adapter: 3.1.7 (/opt/ros/humble/share/rosidl_adapter/cmake)
-- Found rosidl_generator_cpp: 3.1.7 (/opt/ros/humble/share/rosidl_generator_cpp/cmake)
-- Using all available rosidl_typesupport_c: rosidl_typesupport_fastrtps_c;rosidl_typesupport_introspection_c
-- Using all available rosidl_typesupport_cpp: rosidl_typesupport_fastrtps_cpp;rosidl_typesupport_introspection_cpp
-- Found rmw_implementation_cmake: 6.1.2 (/opt/ros/humble/share/rmw_implementation_cmake/cmake)
-- Found rmw_fastrtps_cpp: 6.2.8 (/opt/ros/humble/share/rmw_fastrtps_cpp/cmake)
-- Found OpenSSL: /usr/lib/x86_64-linux-gnu/libcrypto.so (found version "3.0.2")  
-- Found FastRTPS: /opt/ros/humble/include  
-- Using RMW implementation 'rmw_fastrtps_cpp' as default
-- Looking for pthread.h
-- Looking for pthread.h - found
-- Performing Test CMAKE_HAVE_LIBC_PTHREAD
-- Performing Test CMAKE_HAVE_LIBC_PTHREAD - Success
-- Found Threads: TRUE  
-- Found sensor_msgs: 4.9.0 (/opt/ros/humble/share/sensor_msgs/cmake)
-- Found cv_bridge: 3.2.1 (/opt/ros/humble/share/cv_bridge/cmake)
-- Found OpenCV: /usr (found version "4.5.4") 
-- Found ament_lint_auto: 0.12.14 (/opt/ros/humble/share/ament_lint_auto/cmake)
-- Added test 'cppcheck' to perform static code analysis on C / C++ code
-- Configured cppcheck include dirs: $<BUILD_INTERFACE:/home/skyworld/文档/Ros/src/hik_camera/include/hik_camera>
-- Configured cppcheck exclude dirs and/or files: 
-- Added test 'lint_cmake' to check CMake code style
-- Added test 'uncrustify' to check C / C++ code style
-- Configured uncrustify additional arguments: 
-- Added test 'xmllint' to check XML markup files
-- Configuring done
-- Generating done
-- Build files have been written to: /home/skyworld/文档/Ros/build/hik_camera
[ 50%] [32mBuilding CXX object CMakeFiles/hik_camera_node.dir/src/hik_camera_node.cpp.o[0m
[100%] [32m[1mLinking CXX executable hik_camera_node[0m
/usr/bin/ld: CMakeFiles/hik_camera_node.dir/src/hik_camera_node.cpp.o: in function `HikCameraNode::HikCameraNode(rclcpp::NodeOptions const&)':
hik_camera_node.cpp:(.text._ZN13HikCameraNodeC2ERKN6rclcpp11NodeOptionsE[_ZN13HikCameraNodeC2ERKN6rclcpp11NodeOptionsE]+0x9c): undefined reference to `hik::HikCamera::HikCamera()'
/usr/bin/ld: hik_camera_node.cpp:(.text._ZN13HikCameraNodeC2ERKN6rclcpp11NodeOptionsE[_ZN13HikCameraNodeC2ERKN6rclcpp11NodeOptionsE]+0x381): undefined reference to `hik::HikCamera::Open(unsigned int)'
/usr/bin/ld: hik_camera_node.cpp:(.text._ZN13HikCameraNodeC2ERKN6rclcpp11NodeOptionsE[_ZN13HikCameraNodeC2ERKN6rclcpp11NodeOptionsE]+0x399): undefined reference to `hik::HikCamera::StartGrabbing()'
/usr/bin/ld: hik_camera_node.cpp:(.text._ZN13HikCameraNodeC2ERKN6rclcpp11NodeOptionsE[_ZN13HikCameraNodeC2ERKN6rclcpp11NodeOptionsE]+0x608): undefined reference to `hik::HikCamera::~HikCamera()'
/usr/bin/ld: CMakeFiles/hik_camera_node.dir/src/hik_camera_node.cpp.o: in function `HikCameraNode::on_publish()':
hik_camera_node.cpp:(.text._ZN13HikCameraNode10on_publishEv[_ZN13HikCameraNode10on_publishEv]+0x32): undefined reference to `hik::HikCamera::GetWidth()'
/usr/bin/ld: hik_camera_node.cpp:(.text._ZN13HikCameraNode10on_publishEv[_ZN13HikCameraNode10on_publishEv]+0x62): undefined reference to `hik::HikCamera::GetHeight()'
/usr/bin/ld: CMakeFiles/hik_camera_node.dir/src/hik_camera_node.cpp.o: in function `HikCameraNode::~HikCameraNode()':
hik_camera_node.cpp:(.text._ZN13HikCameraNodeD2Ev[_ZN13HikCameraNodeD2Ev]+0x27b): undefined reference to `hik::HikCamera::Close()'
/usr/bin/ld: hik_camera_node.cpp:(.text._ZN13HikCameraNodeD2Ev[_ZN13HikCameraNodeD2Ev]+0x2b9): undefined reference to `hik::HikCamera::~HikCamera()'
/usr/bin/ld: hik_camera_node.cpp:(.text._ZN13HikCameraNodeD2Ev[_ZN13HikCameraNodeD2Ev]+0x307): undefined reference to `hik::HikCamera::~HikCamera()'
clang: [0;1;31merror: [0m[1mlinker command failed with exit code 1 (use -v to see invocation)[0m
gmake[2]: *** [CMakeFiles/hik_camera_node.dir/build.make:230：hik_camera_node] 错误 1
gmake[1]: *** [CMakeFiles/Makefile2:137：CMakeFiles/hik_camera_node.dir/all] 错误 2
gmake: *** [Makefile:146：all] 错误 2
