[0.010s] Invoking command in '/home/skyworld/文档/Ros/build/hik_camera': CMAKE_PREFIX_PATH=/opt/ros/humble /usr/bin/cmake --build /home/skyworld/文档/Ros/build/hik_camera -- -j24 -l24
[0.026s] -- USE_CLANG=ON: Found clang at /usr/bin/clang and clang++ at /usr/bin/clang++; setting compilers to clang/clang++
[0.034s] -- Found ament_cmake: 1.3.12 (/opt/ros/humble/share/ament_cmake/cmake)
[0.101s] -- Found rclcpp: 16.0.15 (/opt/ros/humble/share/rclcpp/cmake)
[0.115s] -- Found rosidl_generator_c: 3.1.7 (/opt/ros/humble/share/rosidl_generator_c/cmake)
[0.115s] -- Found rosidl_adapter: 3.1.7 (/opt/ros/humble/share/rosidl_adapter/cmake)
[0.119s] -- Found rosidl_generator_cpp: 3.1.7 (/opt/ros/humble/share/rosidl_generator_cpp/cmake)
[0.123s] -- Using all available rosidl_typesupport_c: rosidl_typesupport_fastrtps_c;rosidl_typesupport_introspection_c
[0.129s] -- Using all available rosidl_typesupport_cpp: rosidl_typesupport_fastrtps_cpp;rosidl_typesupport_introspection_cpp
[0.145s] -- Found rmw_implementation_cmake: 6.1.2 (/opt/ros/humble/share/rmw_implementation_cmake/cmake)
[0.145s] -- Found rmw_fastrtps_cpp: 6.2.8 (/opt/ros/humble/share/rmw_fastrtps_cpp/cmake)
[0.194s] -- Using RMW implementation 'rmw_fastrtps_cpp' as default
[0.214s] -- Found sensor_msgs: 4.9.0 (/opt/ros/humble/share/sensor_msgs/cmake)
[0.227s] -- Found cv_bridge: 3.2.1 (/opt/ros/humble/share/cv_bridge/cmake)
[0.233s] -- Found ament_lint_auto: 0.12.14 (/opt/ros/humble/share/ament_lint_auto/cmake)
[0.266s] -- Added test 'cppcheck' to perform static code analysis on C / C++ code
[0.266s] -- Configured cppcheck include dirs: $<BUILD_INTERFACE:/home/skyworld/文档/Ros/src/hik_camera/include/hik_camera>
[0.266s] -- Configured cppcheck exclude dirs and/or files: 
[0.266s] -- Added test 'lint_cmake' to check CMake code style
[0.267s] -- Added test 'uncrustify' to check C / C++ code style
[0.267s] -- Configured uncrustify additional arguments: 
[0.267s] -- Added test 'xmllint' to check XML markup files
[0.267s] -- Configuring done
[0.270s] [0mYou have changed variables that require your cache to be deleted.
[0.270s] Configure will be re-run and you may have to reset some variables.
[0.270s] The following variables have changed:
[0.270s] CMAKE_C_COMPILER= /usr/bin/clang
[0.270s] CMAKE_CXX_COMPILER= /usr/bin/clang++
[0.270s] [0m
[0.272s] -- USE_CLANG=ON: Found clang at /usr/bin/clang and clang++ at /usr/bin/clang++; setting compilers to clang/clang++
[0.320s] -- The C compiler identification is Clang 14.0.0
[0.382s] -- The CXX compiler identification is Clang 14.0.0
[0.384s] -- Detecting C compiler ABI info
[0.448s] -- Detecting C compiler ABI info - done
[0.449s] -- Check for working C compiler: /usr/bin/clang - skipped
[0.449s] -- Detecting C compile features
[0.449s] -- Detecting C compile features - done
[0.451s] -- Detecting CXX compiler ABI info
[0.533s] -- Detecting CXX compiler ABI info - done
[0.537s] -- Check for working CXX compiler: /usr/bin/clang++ - skipped
[0.537s] -- Detecting CXX compile features
[0.537s] -- Detecting CXX compile features - done
[0.538s] -- Found ament_cmake: 1.3.12 (/opt/ros/humble/share/ament_cmake/cmake)
[0.617s] -- Found Python3: /usr/bin/python3 (found version "3.10.12") found components: Interpreter 
[0.661s] -- Found rclcpp: 16.0.15 (/opt/ros/humble/share/rclcpp/cmake)
[0.677s] -- Found rosidl_generator_c: 3.1.7 (/opt/ros/humble/share/rosidl_generator_c/cmake)
[0.680s] -- Found rosidl_adapter: 3.1.7 (/opt/ros/humble/share/rosidl_adapter/cmake)
[0.683s] -- Found rosidl_generator_cpp: 3.1.7 (/opt/ros/humble/share/rosidl_generator_cpp/cmake)
[0.688s] -- Using all available rosidl_typesupport_c: rosidl_typesupport_fastrtps_c;rosidl_typesupport_introspection_c
[0.694s] -- Using all available rosidl_typesupport_cpp: rosidl_typesupport_fastrtps_cpp;rosidl_typesupport_introspection_cpp
[0.713s] -- Found rmw_implementation_cmake: 6.1.2 (/opt/ros/humble/share/rmw_implementation_cmake/cmake)
[0.714s] -- Found rmw_fastrtps_cpp: 6.2.8 (/opt/ros/humble/share/rmw_fastrtps_cpp/cmake)
[0.765s] -- Found OpenSSL: /usr/lib/x86_64-linux-gnu/libcrypto.so (found version "3.0.2")  
[0.780s] -- Found FastRTPS: /opt/ros/humble/include  
[0.799s] -- Using RMW implementation 'rmw_fastrtps_cpp' as default
[0.803s] -- Looking for pthread.h
[0.869s] -- Looking for pthread.h - found
[0.869s] -- Performing Test CMAKE_HAVE_LIBC_PTHREAD
[0.927s] -- Performing Test CMAKE_HAVE_LIBC_PTHREAD - Success
[0.927s] -- Found Threads: TRUE  
[0.949s] -- Found sensor_msgs: 4.9.0 (/opt/ros/humble/share/sensor_msgs/cmake)
[0.963s] -- Found cv_bridge: 3.2.1 (/opt/ros/humble/share/cv_bridge/cmake)
[0.969s] -- Found OpenCV: /usr (found version "4.5.4") 
[0.970s] -- Found ament_lint_auto: 0.12.14 (/opt/ros/humble/share/ament_lint_auto/cmake)
[1.007s] -- Added test 'cppcheck' to perform static code analysis on C / C++ code
[1.007s] -- Configured cppcheck include dirs: $<BUILD_INTERFACE:/home/skyworld/文档/Ros/src/hik_camera/include/hik_camera>
[1.007s] -- Configured cppcheck exclude dirs and/or files: 
[1.007s] -- Added test 'lint_cmake' to check CMake code style
[1.007s] -- Added test 'uncrustify' to check C / C++ code style
[1.007s] -- Configured uncrustify additional arguments: 
[1.007s] -- Added test 'xmllint' to check XML markup files
[1.007s] -- Configuring done
[1.013s] -- Generating done
[1.017s] -- Build files have been written to: /home/skyworld/文档/Ros/build/hik_camera
[1.044s] [ 50%] [32mBuilding CXX object CMakeFiles/hik_camera_node.dir/src/hik_camera_node.cpp.o[0m
[2.624s] [100%] [32m[1mLinking CXX executable hik_camera_node[0m
[3.101s] /usr/bin/ld: CMakeFiles/hik_camera_node.dir/src/hik_camera_node.cpp.o: in function `HikCameraNode::HikCameraNode(rclcpp::NodeOptions const&)':
[3.101s] hik_camera_node.cpp:(.text._ZN13HikCameraNodeC2ERKN6rclcpp11NodeOptionsE[_ZN13HikCameraNodeC2ERKN6rclcpp11NodeOptionsE]+0x9c): undefined reference to `hik::HikCamera::HikCamera()'
[3.101s] /usr/bin/ld: hik_camera_node.cpp:(.text._ZN13HikCameraNodeC2ERKN6rclcpp11NodeOptionsE[_ZN13HikCameraNodeC2ERKN6rclcpp11NodeOptionsE]+0x381): undefined reference to `hik::HikCamera::Open(unsigned int)'
[3.101s] /usr/bin/ld: hik_camera_node.cpp:(.text._ZN13HikCameraNodeC2ERKN6rclcpp11NodeOptionsE[_ZN13HikCameraNodeC2ERKN6rclcpp11NodeOptionsE]+0x399): undefined reference to `hik::HikCamera::StartGrabbing()'
[3.101s] /usr/bin/ld: hik_camera_node.cpp:(.text._ZN13HikCameraNodeC2ERKN6rclcpp11NodeOptionsE[_ZN13HikCameraNodeC2ERKN6rclcpp11NodeOptionsE]+0x608): undefined reference to `hik::HikCamera::~HikCamera()'
[3.101s] /usr/bin/ld: CMakeFiles/hik_camera_node.dir/src/hik_camera_node.cpp.o: in function `HikCameraNode::on_publish()':
[3.102s] hik_camera_node.cpp:(.text._ZN13HikCameraNode10on_publishEv[_ZN13HikCameraNode10on_publishEv]+0x32): undefined reference to `hik::HikCamera::GetWidth()'
[3.105s] /usr/bin/ld: hik_camera_node.cpp:(.text._ZN13HikCameraNode10on_publishEv[_ZN13HikCameraNode10on_publishEv]+0x62): undefined reference to `hik::HikCamera::GetHeight()'
[3.105s] /usr/bin/ld: CMakeFiles/hik_camera_node.dir/src/hik_camera_node.cpp.o: in function `HikCameraNode::~HikCameraNode()':
[3.105s] hik_camera_node.cpp:(.text._ZN13HikCameraNodeD2Ev[_ZN13HikCameraNodeD2Ev]+0x27b): undefined reference to `hik::HikCamera::Close()'
[3.105s] /usr/bin/ld: hik_camera_node.cpp:(.text._ZN13HikCameraNodeD2Ev[_ZN13HikCameraNodeD2Ev]+0x2b9): undefined reference to `hik::HikCamera::~HikCamera()'
[3.105s] /usr/bin/ld: hik_camera_node.cpp:(.text._ZN13HikCameraNodeD2Ev[_ZN13HikCameraNodeD2Ev]+0x307): undefined reference to `hik::HikCamera::~HikCamera()'
[3.139s] clang: [0;1;31merror: [0m[1mlinker command failed with exit code 1 (use -v to see invocation)[0m
[3.143s] gmake[2]: *** [CMakeFiles/hik_camera_node.dir/build.make:230：hik_camera_node] 错误 1
[3.143s] gmake[1]: *** [CMakeFiles/Makefile2:137：CMakeFiles/hik_camera_node.dir/all] 错误 2
[3.144s] gmake: *** [Makefile:146：all] 错误 2
[3.146s] Invoked command in '/home/skyworld/文档/Ros/build/hik_camera' returned '2': CMAKE_PREFIX_PATH=/opt/ros/humble /usr/bin/cmake --build /home/skyworld/文档/Ros/build/hik_camera -- -j24 -l24
