[0.005s] Invoking command in '/home/skyworld/文档/Ros/build/hik_camera': CMAKE_PREFIX_PATH=${CMAKE_PREFIX_PATH}:/opt/ros/humble /usr/bin/cmake --build /home/skyworld/文档/Ros/build/hik_camera -- -j24 -l24
[0.033s] [35m[1mConsolidate compiler generated dependencies of target hik_camera_node[0m
[0.043s] [100%] Built target hik_camera_node
[0.051s] Invoked command in '/home/skyworld/文档/Ros/build/hik_camera' returned '0': CMAKE_PREFIX_PATH=${CMAKE_PREFIX_PATH}:/opt/ros/humble /usr/bin/cmake --build /home/skyworld/文档/Ros/build/hik_camera -- -j24 -l24
[0.057s] Invoking command in '/home/skyworld/文档/Ros/build/hik_camera': CMAKE_PREFIX_PATH=${CMAKE_PREFIX_PATH}:/opt/ros/humble /usr/bin/cmake --install /home/skyworld/文档/Ros/build/hik_camera
[0.060s] -- Install configuration: ""
[0.060s] -- Up-to-date: /home/skyworld/文档/Ros/install/hik_camera/lib/hik_camera/hik_camera_node
[0.060s] -- Up-to-date: /home/skyworld/文档/Ros/install/hik_camera/share/ament_index/resource_index/package_run_dependencies/hik_camera
[0.060s] -- Up-to-date: /home/skyworld/文档/Ros/install/hik_camera/share/ament_index/resource_index/parent_prefix_path/hik_camera
[0.060s] -- Up-to-date: /home/skyworld/文档/Ros/install/hik_camera/share/hik_camera/environment/ament_prefix_path.sh
[0.060s] -- Up-to-date: /home/skyworld/文档/Ros/install/hik_camera/share/hik_camera/environment/ament_prefix_path.dsv
[0.060s] -- Up-to-date: /home/skyworld/文档/Ros/install/hik_camera/share/hik_camera/environment/path.sh
[0.060s] -- Up-to-date: /home/skyworld/文档/Ros/install/hik_camera/share/hik_camera/environment/path.dsv
[0.060s] -- Up-to-date: /home/skyworld/文档/Ros/install/hik_camera/share/hik_camera/local_setup.bash
[0.060s] -- Up-to-date: /home/skyworld/文档/Ros/install/hik_camera/share/hik_camera/local_setup.sh
[0.060s] -- Up-to-date: /home/skyworld/文档/Ros/install/hik_camera/share/hik_camera/local_setup.zsh
[0.060s] -- Up-to-date: /home/skyworld/文档/Ros/install/hik_camera/share/hik_camera/local_setup.dsv
[0.060s] -- Installing: /home/skyworld/文档/Ros/install/hik_camera/share/hik_camera/package.dsv
[0.060s] -- Up-to-date: /home/skyworld/文档/Ros/install/hik_camera/share/ament_index/resource_index/packages/hik_camera
[0.060s] -- Up-to-date: /home/skyworld/文档/Ros/install/hik_camera/share/hik_camera/cmake/hik_cameraConfig.cmake
[0.060s] -- Up-to-date: /home/skyworld/文档/Ros/install/hik_camera/share/hik_camera/cmake/hik_cameraConfig-version.cmake
[0.060s] -- Up-to-date: /home/skyworld/文档/Ros/install/hik_camera/share/hik_camera/package.xml
[0.061s] Invoked command in '/home/skyworld/文档/Ros/build/hik_camera' returned '0': CMAKE_PREFIX_PATH=${CMAKE_PREFIX_PATH}:/opt/ros/humble /usr/bin/cmake --install /home/skyworld/文档/Ros/build/hik_camera
