[35m[1mConsolidate compiler generated dependencies of target hik_camera_node[0m
[ 66%] [32mBuilding CXX object CMakeFiles/hik_camera_node.dir/src/cameral_func/HikCamera.cpp.o[0m
[ 66%] [32mBuilding CXX object CMakeFiles/hik_camera_node.dir/src/hik_camera_node.cpp.o[0m
[1m/home/skyworld/文档/Ros/src/hik_camera/src/cameral_func/HikCamera.cpp:396:17: [0m[0;1;35mwarning: [0m[1mcomparison of integers of different signs: 'int' and 'unsigned int' [-Wsign-compare][0m
        if (ret != MV_E_NODATA)
[0;1;32m            ~~~ ^  ~~~~~~~~~~~
[0m[1m/home/skyworld/文档/Ros/src/hik_camera/src/cameral_func/HikCamera.cpp:451:10: [0m[0;1;35mwarning: [0m[1mvariable 'needConvert' set but not used [-Wunused-but-set-variable][0m
    bool needConvert = true;
[0;1;32m         ^
[0m[1m/home/skyworld/文档/Ros/src/hik_camera/src/cameral_func/HikCamera.cpp:431:17: [0m[0;1;35mwarning: [0m[1mcomparison of integers of different signs: 'int' and 'unsigned int' [-Wsign-compare][0m
        if (ret != MV_E_NODATA)
[0;1;32m            ~~~ ^  ~~~~~~~~~~~
[0m3 warnings generated.
[100%] [32m[1mLinking CXX executable hik_camera_node[0m
[100%] Built target hik_camera_node
-- Install configuration: ""
-- Installing: /home/skyworld/文档/Ros/install/hik_camera/lib/hik_camera/hik_camera_node
-- Set runtime path of "/home/skyworld/文档/Ros/install/hik_camera/lib/hik_camera/hik_camera_node" to "/home/skyworld/文档/Ros/src/hik_camera/include/hik_camera/lib/64"
-- Up-to-date: /home/skyworld/文档/Ros/install/hik_camera/share/ament_index/resource_index/package_run_dependencies/hik_camera
-- Up-to-date: /home/skyworld/文档/Ros/install/hik_camera/share/ament_index/resource_index/parent_prefix_path/hik_camera
-- Up-to-date: /home/skyworld/文档/Ros/install/hik_camera/share/hik_camera/environment/ament_prefix_path.sh
-- Up-to-date: /home/skyworld/文档/Ros/install/hik_camera/share/hik_camera/environment/ament_prefix_path.dsv
-- Up-to-date: /home/skyworld/文档/Ros/install/hik_camera/share/hik_camera/environment/path.sh
-- Up-to-date: /home/skyworld/文档/Ros/install/hik_camera/share/hik_camera/environment/path.dsv
-- Up-to-date: /home/skyworld/文档/Ros/install/hik_camera/share/hik_camera/local_setup.bash
-- Up-to-date: /home/skyworld/文档/Ros/install/hik_camera/share/hik_camera/local_setup.sh
-- Up-to-date: /home/skyworld/文档/Ros/install/hik_camera/share/hik_camera/local_setup.zsh
-- Up-to-date: /home/skyworld/文档/Ros/install/hik_camera/share/hik_camera/local_setup.dsv
-- Installing: /home/skyworld/文档/Ros/install/hik_camera/share/hik_camera/package.dsv
-- Up-to-date: /home/skyworld/文档/Ros/install/hik_camera/share/ament_index/resource_index/packages/hik_camera
-- Up-to-date: /home/skyworld/文档/Ros/install/hik_camera/share/hik_camera/cmake/hik_cameraConfig.cmake
-- Up-to-date: /home/skyworld/文档/Ros/install/hik_camera/share/hik_camera/cmake/hik_cameraConfig-version.cmake
-- Up-to-date: /home/skyworld/文档/Ros/install/hik_camera/share/hik_camera/package.xml
