[33mCMake Warning at CMakeLists.txt:68 (message):
  MvCameraControl library not found.  If you use Hikvision SDK features, set
  MV_CAM_LIB_DIR to the directory containing libMvCameraControl.so or install
  the SDK.  Build will continue but linkage may fail if symbols are used.

[0m
/usr/bin/ld: CMakeFiles/hik_camera_node.dir/src/cameral_func/HikCamera.cpp.o: in function `hik::HikCamera::StopGrabbing()':
HikCamera.cpp:(.text+0x14f): undefined reference to `MV_CC_StopGrabbing'
/usr/bin/ld: CMakeFiles/hik_camera_node.dir/src/cameral_func/HikCamera.cpp.o: in function `hik::HikCamera::Close()':
HikCamera.cpp:(.text+0x279): undefined reference to `MV_CC_CloseDevice'
/usr/bin/ld: HikCamera.cpp:(.text+0x31e): undefined reference to `MV_CC_DestroyHandle'
/usr/bin/ld: CMakeFiles/hik_camera_node.dir/src/cameral_func/HikCamera.cpp.o: in function `hik::HikCamera::EnumerateDevices()':
HikCamera.cpp:(.text+0x600): undefined reference to `MV_CC_EnumDevices'
/usr/bin/ld: CMakeFiles/hik_camera_node.dir/src/cameral_func/HikCamera.cpp.o: in function `hik::HikCamera::Open(unsigned int)':
HikCamera.cpp:(.text+0xf87): undefined reference to `MV_CC_EnumDevices'
/usr/bin/ld: HikCamera.cpp:(.text+0x1097): undefined reference to `MV_CC_CreateHandle'
/usr/bin/ld: HikCamera.cpp:(.text+0x1177): undefined reference to `MV_CC_OpenDevice'
/usr/bin/ld: HikCamera.cpp:(.text+0x1201): undefined reference to `MV_CC_DestroyHandle'
/usr/bin/ld: HikCamera.cpp:(.text+0x1276): undefined reference to `MV_CC_SetEnumValue'
/usr/bin/ld: CMakeFiles/hik_camera_node.dir/src/cameral_func/HikCamera.cpp.o: in function `hik::HikCamera::OpenBySerialNumber(std::__cxx11::basic_string<char, std::char_traits<char>, std::allocator<char> > const&)':
HikCamera.cpp:(.text+0x13a8): undefined reference to `MV_CC_EnumDevices'
/usr/bin/ld: CMakeFiles/hik_camera_node.dir/src/cameral_func/HikCamera.cpp.o: in function `hik::HikCamera::StartGrabbing()':
HikCamera.cpp:(.text+0x17da): undefined reference to `MV_CC_StartGrabbing'
/usr/bin/ld: CMakeFiles/hik_camera_node.dir/src/cameral_func/HikCamera.cpp.o: in function `hik::HikCamera::GrabImage(hik::ImageData&, unsigned int)':
HikCamera.cpp:(.text+0x1933): undefined reference to `MV_CC_GetImageBuffer'
/usr/bin/ld: HikCamera.cpp:(.text+0x1a6f): undefined reference to `MV_CC_FreeImageBuffer'
/usr/bin/ld: CMakeFiles/hik_camera_node.dir/src/cameral_func/HikCamera.cpp.o: in function `hik::HikCamera::GrabImageBGR(hik::ImageData&, unsigned int)':
HikCamera.cpp:(.text+0x1b13): undefined reference to `MV_CC_GetImageBuffer'
/usr/bin/ld: HikCamera.cpp:(.text+0x1d57): undefined reference to `MV_CC_ConvertPixelType'
/usr/bin/ld: HikCamera.cpp:(.text+0x1de8): undefined reference to `MV_CC_FreeImageBuffer'
/usr/bin/ld: HikCamera.cpp:(.text+0x1e91): undefined reference to `MV_CC_FreeImageBuffer'
/usr/bin/ld: CMakeFiles/hik_camera_node.dir/src/cameral_func/HikCamera.cpp.o: in function `hik::HikCamera::SetExposureTime(float)':
HikCamera.cpp:(.text+0x1f14): undefined reference to `MV_CC_SetFloatValue'
/usr/bin/ld: CMakeFiles/hik_camera_node.dir/src/cameral_func/HikCamera.cpp.o: in function `hik::HikCamera::GetExposureTime()':
HikCamera.cpp:(.text+0x200e): undefined reference to `MV_CC_GetFloatValue'
/usr/bin/ld: CMakeFiles/hik_camera_node.dir/src/cameral_func/HikCamera.cpp.o: in function `hik::HikCamera::SetGain(float)':
HikCamera.cpp:(.text+0x20a4): undefined reference to `MV_CC_SetFloatValue'
/usr/bin/ld: CMakeFiles/hik_camera_node.dir/src/cameral_func/HikCamera.cpp.o: in function `hik::HikCamera::GetGain()':
HikCamera.cpp:(.text+0x219e): undefined reference to `MV_CC_GetFloatValue'
/usr/bin/ld: CMakeFiles/hik_camera_node.dir/src/cameral_func/HikCamera.cpp.o: in function `hik::HikCamera::SetTriggerMode(bool)':
HikCamera.cpp:(.text+0x2242): undefined reference to `MV_CC_SetEnumValue'
/usr/bin/ld: CMakeFiles/hik_camera_node.dir/src/cameral_func/HikCamera.cpp.o: in function `hik::HikCamera::TriggerSoftware()':
HikCamera.cpp:(.text+0x234a): undefined reference to `MV_CC_SetCommandValue'
/usr/bin/ld: CMakeFiles/hik_camera_node.dir/src/cameral_func/HikCamera.cpp.o: in function `hik::HikCamera::GetWidth()':
HikCamera.cpp:(.text+0x243d): undefined reference to `MV_CC_GetIntValue'
/usr/bin/ld: CMakeFiles/hik_camera_node.dir/src/cameral_func/HikCamera.cpp.o: in function `hik::HikCamera::GetHeight()':
HikCamera.cpp:(.text+0x24ad): undefined reference to `MV_CC_GetIntValue'
clang: [0;1;31merror: [0m[1mlinker command failed with exit code 1 (use -v to see invocation)[0m
gmake[2]: *** [CMakeFiles/hik_camera_node.dir/build.make:246：hik_camera_node] 错误 1
gmake[1]: *** [CMakeFiles/Makefile2:137：CMakeFiles/hik_camera_node.dir/all] 错误 2
gmake: *** [Makefile:146：all] 错误 2
