[0.006s] Invoking command in '/home/skyworld/文档/Ros/build/hik_camera': CMAKE_PREFIX_PATH=/opt/ros/humble /usr/bin/cmake --build /home/skyworld/文档/Ros/build/hik_camera -- -j24 -l24
[0.019s] -- USE_CLANG=ON: Found clang at /usr/bin/clang and clang++ at /usr/bin/clang++; setting compilers to clang/clang++
[0.022s] -- Found ament_cmake: 1.3.12 (/opt/ros/humble/share/ament_cmake/cmake)
[0.087s] -- Found rclcpp: 16.0.15 (/opt/ros/humble/share/rclcpp/cmake)
[0.098s] -- Found rosidl_generator_c: 3.1.7 (/opt/ros/humble/share/rosidl_generator_c/cmake)
[0.099s] -- Found rosidl_adapter: 3.1.7 (/opt/ros/humble/share/rosidl_adapter/cmake)
[0.102s] -- Found rosidl_generator_cpp: 3.1.7 (/opt/ros/humble/share/rosidl_generator_cpp/cmake)
[0.106s] -- Using all available rosidl_typesupport_c: rosidl_typesupport_fastrtps_c;rosidl_typesupport_introspection_c
[0.111s] -- Using all available rosidl_typesupport_cpp: rosidl_typesupport_fastrtps_cpp;rosidl_typesupport_introspection_cpp
[0.125s] -- Found rmw_implementation_cmake: 6.1.2 (/opt/ros/humble/share/rmw_implementation_cmake/cmake)
[0.128s] -- Found rmw_fastrtps_cpp: 6.2.8 (/opt/ros/humble/share/rmw_fastrtps_cpp/cmake)
[0.176s] -- Using RMW implementation 'rmw_fastrtps_cpp' as default
[0.201s] -- Found sensor_msgs: 4.9.0 (/opt/ros/humble/share/sensor_msgs/cmake)
[0.213s] -- Found cv_bridge: 3.2.1 (/opt/ros/humble/share/cv_bridge/cmake)
[0.220s] [33mCMake Warning at CMakeLists.txt:68 (message):
[0.221s]   MvCameraControl library not found.  If you use Hikvision SDK features, set
[0.221s]   MV_CAM_LIB_DIR to the directory containing libMvCameraControl.so or install
[0.221s]   the SDK.  Build will continue but linkage may fail if symbols are used.
[0.221s] 
[0.221s] [0m
[0.221s] -- Found ament_lint_auto: 0.12.14 (/opt/ros/humble/share/ament_lint_auto/cmake)
[0.259s] -- Added test 'cppcheck' to perform static code analysis on C / C++ code
[0.259s] -- Configured cppcheck include dirs: $<BUILD_INTERFACE:/home/skyworld/文档/Ros/src/hik_camera/include/hik_camera>;$<BUILD_INTERFACE:/home/skyworld/文档/Ros/src/hik_camera/src>
[0.259s] -- Configured cppcheck exclude dirs and/or files: 
[0.260s] -- Added test 'lint_cmake' to check CMake code style
[0.260s] -- Added test 'uncrustify' to check C / C++ code style
[0.260s] -- Configured uncrustify additional arguments: 
[0.260s] -- Added test 'xmllint' to check XML markup files
[0.260s] -- Configuring done
[0.266s] -- Generating done
[0.268s] -- Build files have been written to: /home/skyworld/文档/Ros/build/hik_camera
[0.296s] [35m[1mConsolidate compiler generated dependencies of target hik_camera_node[0m
[0.306s] [ 33%] [32m[1mLinking CXX executable hik_camera_node[0m
[0.666s] /usr/bin/ld: CMakeFiles/hik_camera_node.dir/src/cameral_func/HikCamera.cpp.o: in function `hik::HikCamera::StopGrabbing()':
[0.666s] HikCamera.cpp:(.text+0x14f): undefined reference to `MV_CC_StopGrabbing'
[0.666s] /usr/bin/ld: CMakeFiles/hik_camera_node.dir/src/cameral_func/HikCamera.cpp.o: in function `hik::HikCamera::Close()':
[0.666s] HikCamera.cpp:(.text+0x279): undefined reference to `MV_CC_CloseDevice'
[0.666s] /usr/bin/ld: HikCamera.cpp:(.text+0x31e): undefined reference to `MV_CC_DestroyHandle'
[0.666s] /usr/bin/ld: CMakeFiles/hik_camera_node.dir/src/cameral_func/HikCamera.cpp.o: in function `hik::HikCamera::EnumerateDevices()':
[0.666s] HikCamera.cpp:(.text+0x600): undefined reference to `MV_CC_EnumDevices'
[0.667s] /usr/bin/ld: CMakeFiles/hik_camera_node.dir/src/cameral_func/HikCamera.cpp.o: in function `hik::HikCamera::Open(unsigned int)':
[0.667s] HikCamera.cpp:(.text+0xf87): undefined reference to `MV_CC_EnumDevices'
[0.667s] /usr/bin/ld: HikCamera.cpp:(.text+0x1097): undefined reference to `MV_CC_CreateHandle'
[0.667s] /usr/bin/ld: HikCamera.cpp:(.text+0x1177): undefined reference to `MV_CC_OpenDevice'
[0.667s] /usr/bin/ld: HikCamera.cpp:(.text+0x1201): undefined reference to `MV_CC_DestroyHandle'
[0.667s] /usr/bin/ld: HikCamera.cpp:(.text+0x1276): undefined reference to `MV_CC_SetEnumValue'
[0.667s] /usr/bin/ld: CMakeFiles/hik_camera_node.dir/src/cameral_func/HikCamera.cpp.o: in function `hik::HikCamera::OpenBySerialNumber(std::__cxx11::basic_string<char, std::char_traits<char>, std::allocator<char> > const&)':
[0.667s] HikCamera.cpp:(.text+0x13a8): undefined reference to `MV_CC_EnumDevices'
[0.667s] /usr/bin/ld: CMakeFiles/hik_camera_node.dir/src/cameral_func/HikCamera.cpp.o: in function `hik::HikCamera::StartGrabbing()':
[0.667s] HikCamera.cpp:(.text+0x17da): undefined reference to `MV_CC_StartGrabbing'
[0.667s] /usr/bin/ld: CMakeFiles/hik_camera_node.dir/src/cameral_func/HikCamera.cpp.o: in function `hik::HikCamera::GrabImage(hik::ImageData&, unsigned int)':
[0.667s] HikCamera.cpp:(.text+0x1933): undefined reference to `MV_CC_GetImageBuffer'
[0.667s] /usr/bin/ld: HikCamera.cpp:(.text+0x1a6f): undefined reference to `MV_CC_FreeImageBuffer'
[0.667s] /usr/bin/ld: CMakeFiles/hik_camera_node.dir/src/cameral_func/HikCamera.cpp.o: in function `hik::HikCamera::GrabImageBGR(hik::ImageData&, unsigned int)':
[0.667s] HikCamera.cpp:(.text+0x1b13): undefined reference to `MV_CC_GetImageBuffer'
[0.667s] /usr/bin/ld: HikCamera.cpp:(.text+0x1d57): undefined reference to `MV_CC_ConvertPixelType'
[0.667s] /usr/bin/ld: HikCamera.cpp:(.text+0x1de8): undefined reference to `MV_CC_FreeImageBuffer'
[0.667s] /usr/bin/ld: HikCamera.cpp:(.text+0x1e91): undefined reference to `MV_CC_FreeImageBuffer'
[0.667s] /usr/bin/ld: CMakeFiles/hik_camera_node.dir/src/cameral_func/HikCamera.cpp.o: in function `hik::HikCamera::SetExposureTime(float)':
[0.667s] HikCamera.cpp:(.text+0x1f14): undefined reference to `MV_CC_SetFloatValue'
[0.667s] /usr/bin/ld: CMakeFiles/hik_camera_node.dir/src/cameral_func/HikCamera.cpp.o: in function `hik::HikCamera::GetExposureTime()':
[0.667s] HikCamera.cpp:(.text+0x200e): undefined reference to `MV_CC_GetFloatValue'
[0.667s] /usr/bin/ld: CMakeFiles/hik_camera_node.dir/src/cameral_func/HikCamera.cpp.o: in function `hik::HikCamera::SetGain(float)':
[0.667s] HikCamera.cpp:(.text+0x20a4): undefined reference to `MV_CC_SetFloatValue'
[0.667s] /usr/bin/ld: CMakeFiles/hik_camera_node.dir/src/cameral_func/HikCamera.cpp.o: in function `hik::HikCamera::GetGain()':
[0.667s] HikCamera.cpp:(.text+0x219e): undefined reference to `MV_CC_GetFloatValue'
[0.667s] /usr/bin/ld: CMakeFiles/hik_camera_node.dir/src/cameral_func/HikCamera.cpp.o: in function `hik::HikCamera::SetTriggerMode(bool)':
[0.667s] HikCamera.cpp:(.text+0x2242): undefined reference to `MV_CC_SetEnumValue'
[0.667s] /usr/bin/ld: CMakeFiles/hik_camera_node.dir/src/cameral_func/HikCamera.cpp.o: in function `hik::HikCamera::TriggerSoftware()':
[0.667s] HikCamera.cpp:(.text+0x234a): undefined reference to `MV_CC_SetCommandValue'
[0.667s] /usr/bin/ld: CMakeFiles/hik_camera_node.dir/src/cameral_func/HikCamera.cpp.o: in function `hik::HikCamera::GetWidth()':
[0.667s] HikCamera.cpp:(.text+0x243d): undefined reference to `MV_CC_GetIntValue'
[0.667s] /usr/bin/ld: CMakeFiles/hik_camera_node.dir/src/cameral_func/HikCamera.cpp.o: in function `hik::HikCamera::GetHeight()':
[0.667s] HikCamera.cpp:(.text+0x24ad): undefined reference to `MV_CC_GetIntValue'
[0.701s] clang: [0;1;31merror: [0m[1mlinker command failed with exit code 1 (use -v to see invocation)[0m
[0.704s] gmake[2]: *** [CMakeFiles/hik_camera_node.dir/build.make:246：hik_camera_node] 错误 1
[0.705s] gmake[1]: *** [CMakeFiles/Makefile2:137：CMakeFiles/hik_camera_node.dir/all] 错误 2
[0.705s] gmake: *** [Makefile:146：all] 错误 2
[0.707s] Invoked command in '/home/skyworld/文档/Ros/build/hik_camera' returned '2': CMAKE_PREFIX_PATH=/opt/ros/humble /usr/bin/cmake --build /home/skyworld/文档/Ros/build/hik_camera -- -j24 -l24
