[0.009s] Invoking command in '/home/skyworld/文档/Ros/build/hik_camera': CMAKE_PREFIX_PATH=/opt/ros/humble /usr/bin/cmake --build /home/skyworld/文档/Ros/build/hik_camera -- -j24 -l24
[0.023s] -- USE_CLANG=ON: Found clang at /usr/bin/clang and clang++ at /usr/bin/clang++; setting compilers to clang/clang++
[0.026s] -- Found ament_cmake: 1.3.12 (/opt/ros/humble/share/ament_cmake/cmake)
[0.088s] -- Found rclcpp: 16.0.15 (/opt/ros/humble/share/rclcpp/cmake)
[0.102s] -- Found rosidl_generator_c: 3.1.7 (/opt/ros/humble/share/rosidl_generator_c/cmake)
[0.102s] -- Found rosidl_adapter: 3.1.7 (/opt/ros/humble/share/rosidl_adapter/cmake)
[0.102s] -- Found rosidl_generator_cpp: 3.1.7 (/opt/ros/humble/share/rosidl_generator_cpp/cmake)
[0.108s] -- Using all available rosidl_typesupport_c: rosidl_typesupport_fastrtps_c;rosidl_typesupport_introspection_c
[0.112s] -- Using all available rosidl_typesupport_cpp: rosidl_typesupport_fastrtps_cpp;rosidl_typesupport_introspection_cpp
[0.128s] -- Found rmw_implementation_cmake: 6.1.2 (/opt/ros/humble/share/rmw_implementation_cmake/cmake)
[0.129s] -- Found rmw_fastrtps_cpp: 6.2.8 (/opt/ros/humble/share/rmw_fastrtps_cpp/cmake)
[0.179s] -- Using RMW implementation 'rmw_fastrtps_cpp' as default
[0.199s] -- Found sensor_msgs: 4.9.0 (/opt/ros/humble/share/sensor_msgs/cmake)
[0.212s] -- Found cv_bridge: 3.2.1 (/opt/ros/humble/share/cv_bridge/cmake)
[0.218s] -- Found ament_lint_auto: 0.12.14 (/opt/ros/humble/share/ament_lint_auto/cmake)
[0.252s] -- Added test 'cppcheck' to perform static code analysis on C / C++ code
[0.252s] -- Configured cppcheck include dirs: $<BUILD_INTERFACE:/home/skyworld/文档/Ros/src/hik_camera/include/hik_camera>
[0.252s] -- Configured cppcheck exclude dirs and/or files: 
[0.253s] -- Added test 'lint_cmake' to check CMake code style
[0.254s] -- Added test 'uncrustify' to check C / C++ code style
[0.254s] -- Configured uncrustify additional arguments: 
[0.254s] -- Added test 'xmllint' to check XML markup files
[0.254s] -- Configuring done
[0.260s] -- Generating done
[0.262s] -- Build files have been written to: /home/skyworld/文档/Ros/build/hik_camera
[0.286s] [35m[1mConsolidate compiler generated dependencies of target hik_camera_node[0m
[0.296s] [ 50%] [32mBuilding CXX object CMakeFiles/hik_camera_node.dir/src/hik_camera_node.cpp.o[0m
[1.968s] [100%] [32m[1mLinking CXX executable hik_camera_node[0m
[2.327s] /usr/bin/ld: CMakeFiles/hik_camera_node.dir/src/hik_camera_node.cpp.o: in function `HikCameraNode::HikCameraNode(rclcpp::NodeOptions const&)':
[2.327s] hik_camera_node.cpp:(.text._ZN13HikCameraNodeC2ERKN6rclcpp11NodeOptionsE[_ZN13HikCameraNodeC2ERKN6rclcpp11NodeOptionsE]+0x9c): undefined reference to `hik::HikCamera::HikCamera()'
[2.327s] /usr/bin/ld: hik_camera_node.cpp:(.text._ZN13HikCameraNodeC2ERKN6rclcpp11NodeOptionsE[_ZN13HikCameraNodeC2ERKN6rclcpp11NodeOptionsE]+0x381): undefined reference to `hik::HikCamera::Open(unsigned int)'
[2.327s] /usr/bin/ld: hik_camera_node.cpp:(.text._ZN13HikCameraNodeC2ERKN6rclcpp11NodeOptionsE[_ZN13HikCameraNodeC2ERKN6rclcpp11NodeOptionsE]+0x399): undefined reference to `hik::HikCamera::StartGrabbing()'
[2.327s] /usr/bin/ld: hik_camera_node.cpp:(.text._ZN13HikCameraNodeC2ERKN6rclcpp11NodeOptionsE[_ZN13HikCameraNodeC2ERKN6rclcpp11NodeOptionsE]+0x608): undefined reference to `hik::HikCamera::~HikCamera()'
[2.327s] /usr/bin/ld: CMakeFiles/hik_camera_node.dir/src/hik_camera_node.cpp.o: in function `HikCameraNode::on_publish()':
[2.327s] hik_camera_node.cpp:(.text._ZN13HikCameraNode10on_publishEv[_ZN13HikCameraNode10on_publishEv]+0x32): undefined reference to `hik::HikCamera::GetWidth()'
[2.327s] /usr/bin/ld: hik_camera_node.cpp:(.text._ZN13HikCameraNode10on_publishEv[_ZN13HikCameraNode10on_publishEv]+0x62): undefined reference to `hik::HikCamera::GetHeight()'
[2.327s] /usr/bin/ld: CMakeFiles/hik_camera_node.dir/src/hik_camera_node.cpp.o: in function `HikCameraNode::~HikCameraNode()':
[2.327s] hik_camera_node.cpp:(.text._ZN13HikCameraNodeD2Ev[_ZN13HikCameraNodeD2Ev]+0x27b): undefined reference to `hik::HikCamera::Close()'
[2.327s] /usr/bin/ld: hik_camera_node.cpp:(.text._ZN13HikCameraNodeD2Ev[_ZN13HikCameraNodeD2Ev]+0x2b9): undefined reference to `hik::HikCamera::~HikCamera()'
[2.327s] /usr/bin/ld: hik_camera_node.cpp:(.text._ZN13HikCameraNodeD2Ev[_ZN13HikCameraNodeD2Ev]+0x307): undefined reference to `hik::HikCamera::~HikCamera()'
[2.367s] clang: [0;1;31merror: [0m[1mlinker command failed with exit code 1 (use -v to see invocation)[0m
[2.370s] gmake[2]: *** [CMakeFiles/hik_camera_node.dir/build.make:230：hik_camera_node] 错误 1
[2.370s] gmake[1]: *** [CMakeFiles/Makefile2:137：CMakeFiles/hik_camera_node.dir/all] 错误 2
[2.370s] gmake: *** [Makefile:146：all] 错误 2
[2.374s] Invoked command in '/home/skyworld/文档/Ros/build/hik_camera' returned '2': CMAKE_PREFIX_PATH=/opt/ros/humble /usr/bin/cmake --build /home/skyworld/文档/Ros/build/hik_camera -- -j24 -l24
