[0.005s] Invoking command in '/home/skyworld/文档/Ros/build/hik_camera': CMAKE_PREFIX_PATH=/opt/ros/humble /usr/bin/cmake --build /home/skyworld/文档/Ros/build/hik_camera -- -j24 -l24
[0.032s] [35m[1mConsolidate compiler generated dependencies of target hik_camera_node[0m
[0.041s] [ 50%] [32mBuilding CXX object CMakeFiles/hik_camera_node.dir/src/hik_camera_node.cpp.o[0m
[1.043s] [1m/home/skyworld/文档/Ros/src/hik_camera/src/hik_camera_node.cpp:21:13: [0m[0;1;35mwarning: [0m[1munused variable 'index' [-Wunused-variable][0m
[1.043s]         int index = 0; // 默认打开第一个相机
[1.043s] [0;1;32m            ^
[1.564s] [0m1 warning generated.
[1.579s] [100%] [32m[1mLinking CXX executable hik_camera_node[0m
[1.885s] /usr/bin/ld: CMakeFiles/hik_camera_node.dir/src/hik_camera_node.cpp.o: in function `HikCameraNode::HikCameraNode(rclcpp::NodeOptions const&)':
[1.885s] hik_camera_node.cpp:(.text._ZN13HikCameraNodeC2ERKN6rclcpp11NodeOptionsE[_ZN13HikCameraNodeC2ERKN6rclcpp11NodeOptionsE]+0x9c): undefined reference to `hik::HikCamera::HikCamera()'
[1.885s] /usr/bin/ld: hik_camera_node.cpp:(.text._ZN13HikCameraNodeC2ERKN6rclcpp11NodeOptionsE[_ZN13HikCameraNodeC2ERKN6rclcpp11NodeOptionsE]+0x5d2): undefined reference to `hik::HikCamera::~HikCamera()'
[1.885s] /usr/bin/ld: CMakeFiles/hik_camera_node.dir/src/hik_camera_node.cpp.o: in function `HikCameraNode::on_publish()':
[1.885s] hik_camera_node.cpp:(.text._ZN13HikCameraNode10on_publishEv[_ZN13HikCameraNode10on_publishEv]+0x32): undefined reference to `hik::HikCamera::GetWidth()'
[1.885s] /usr/bin/ld: hik_camera_node.cpp:(.text._ZN13HikCameraNode10on_publishEv[_ZN13HikCameraNode10on_publishEv]+0x62): undefined reference to `hik::HikCamera::GetHeight()'
[1.885s] /usr/bin/ld: CMakeFiles/hik_camera_node.dir/src/hik_camera_node.cpp.o: in function `HikCameraNode::~HikCameraNode()':
[1.885s] hik_camera_node.cpp:(.text._ZN13HikCameraNodeD2Ev[_ZN13HikCameraNodeD2Ev]+0x2a1): undefined reference to `hik::HikCamera::~HikCamera()'
[1.885s] /usr/bin/ld: hik_camera_node.cpp:(.text._ZN13HikCameraNodeD2Ev[_ZN13HikCameraNodeD2Ev]+0x2ef): undefined reference to `hik::HikCamera::~HikCamera()'
[1.919s] clang: [0;1;31merror: [0m[1mlinker command failed with exit code 1 (use -v to see invocation)[0m
[1.920s] gmake[2]: *** [CMakeFiles/hik_camera_node.dir/build.make:230：hik_camera_node] 错误 1
[1.921s] gmake[1]: *** [CMakeFiles/Makefile2:137：CMakeFiles/hik_camera_node.dir/all] 错误 2
[1.921s] gmake: *** [Makefile:146：all] 错误 2
[1.923s] Invoked command in '/home/skyworld/文档/Ros/build/hik_camera' returned '2': CMAKE_PREFIX_PATH=/opt/ros/humble /usr/bin/cmake --build /home/skyworld/文档/Ros/build/hik_camera -- -j24 -l24
