[0.005s] Invoking command in '/home/skyworld/文档/Ros/build/hik_camera': CMAKE_PREFIX_PATH=/opt/ros/humble /usr/bin/cmake --build /home/skyworld/文档/Ros/build/hik_camera -- -j24 -l24
[0.020s] -- USE_CLANG=ON: Found clang at /usr/bin/clang and clang++ at /usr/bin/clang++; setting compilers to clang/clang++
[0.022s] -- Found ament_cmake: 1.3.12 (/opt/ros/humble/share/ament_cmake/cmake)
[0.085s] -- Found rclcpp: 16.0.15 (/opt/ros/humble/share/rclcpp/cmake)
[0.097s] -- Found rosidl_generator_c: 3.1.7 (/opt/ros/humble/share/rosidl_generator_c/cmake)
[0.099s] -- Found rosidl_adapter: 3.1.7 (/opt/ros/humble/share/rosidl_adapter/cmake)
[0.101s] -- Found rosidl_generator_cpp: 3.1.7 (/opt/ros/humble/share/rosidl_generator_cpp/cmake)
[0.106s] -- Using all available rosidl_typesupport_c: rosidl_typesupport_fastrtps_c;rosidl_typesupport_introspection_c
[0.112s] -- Using all available rosidl_typesupport_cpp: rosidl_typesupport_fastrtps_cpp;rosidl_typesupport_introspection_cpp
[0.128s] -- Found rmw_implementation_cmake: 6.1.2 (/opt/ros/humble/share/rmw_implementation_cmake/cmake)
[0.128s] -- Found rmw_fastrtps_cpp: 6.2.8 (/opt/ros/humble/share/rmw_fastrtps_cpp/cmake)
[0.180s] -- Using RMW implementation 'rmw_fastrtps_cpp' as default
[0.203s] -- Found sensor_msgs: 4.9.0 (/opt/ros/humble/share/sensor_msgs/cmake)
[0.217s] -- Found cv_bridge: 3.2.1 (/opt/ros/humble/share/cv_bridge/cmake)
[0.221s] -- Found ament_lint_auto: 0.12.14 (/opt/ros/humble/share/ament_lint_auto/cmake)
[0.259s] -- Added test 'cppcheck' to perform static code analysis on C / C++ code
[0.259s] -- Configured cppcheck include dirs: $<BUILD_INTERFACE:/home/skyworld/文档/Ros/src/hik_camera/include/hik_camera>;$<BUILD_INTERFACE:/home/skyworld/文档/Ros/src/hik_camera/src>
[0.259s] -- Configured cppcheck exclude dirs and/or files: 
[0.259s] -- Added test 'lint_cmake' to check CMake code style
[0.259s] -- Added test 'uncrustify' to check C / C++ code style
[0.259s] -- Configured uncrustify additional arguments: 
[0.259s] -- Added test 'xmllint' to check XML markup files
[0.259s] -- Configuring done
[0.266s] -- Generating done
[0.267s] -- Build files have been written to: /home/skyworld/文档/Ros/build/hik_camera
[0.287s] [35m[1mConsolidate compiler generated dependencies of target hik_camera_node[0m
[0.298s] [ 33%] [32mBuilding CXX object CMakeFiles/hik_camera_node.dir/src/cameral_func/HikCamera.cpp.o[0m
[0.299s] [ 66%] [32mBuilding CXX object CMakeFiles/hik_camera_node.dir/src/hik_camera_node.cpp.o[0m
[0.457s] [1m/home/skyworld/文档/Ros/src/hik_camera/src/cameral_func/HikCamera.cpp:310:17: [0m[0;1;35mwarning: [0m[1mcomparison of integers of different signs: 'int' and 'unsigned int' [-Wsign-compare][0m
[0.457s]         if (ret != MV_E_NODATA)
[0.457s] [0;1;32m            ~~~ ^  ~~~~~~~~~~~
[0.457s] [0m[1m/home/skyworld/文档/Ros/src/hik_camera/src/cameral_func/HikCamera.cpp:365:10: [0m[0;1;35mwarning: [0m[1mvariable 'needConvert' set but not used [-Wunused-but-set-variable][0m
[0.457s]     bool needConvert = true;
[0.457s] [0;1;32m         ^
[0.457s] [0m[1m/home/skyworld/文档/Ros/src/hik_camera/src/cameral_func/HikCamera.cpp:345:17: [0m[0;1;35mwarning: [0m[1mcomparison of integers of different signs: 'int' and 'unsigned int' [-Wsign-compare][0m
[0.457s]         if (ret != MV_E_NODATA)
[0.457s] [0;1;32m            ~~~ ^  ~~~~~~~~~~~
[0.488s] [0m3 warnings generated.
[1.381s] [1m/home/skyworld/文档/Ros/src/hik_camera/src/hik_camera_node.cpp:21:13: [0m[0;1;35mwarning: [0m[1munused variable 'index' [-Wunused-variable][0m
[1.381s]         int index = 0; // 默认打开第一个相机
[1.381s] [0;1;32m            ^
[1.974s] [0m1 warning generated.
[1.987s] [100%] [32m[1mLinking CXX executable hik_camera_node[0m
[2.340s] /usr/bin/ld: CMakeFiles/hik_camera_node.dir/src/cameral_func/HikCamera.cpp.o: in function `hik::HikCamera::StopGrabbing()':
[2.340s] HikCamera.cpp:(.text+0x14f): undefined reference to `MV_CC_StopGrabbing'
[2.340s] /usr/bin/ld: CMakeFiles/hik_camera_node.dir/src/cameral_func/HikCamera.cpp.o: in function `hik::HikCamera::Close()':
[2.340s] HikCamera.cpp:(.text+0x279): undefined reference to `MV_CC_CloseDevice'
[2.340s] /usr/bin/ld: HikCamera.cpp:(.text+0x31e): undefined reference to `MV_CC_DestroyHandle'
[2.340s] /usr/bin/ld: CMakeFiles/hik_camera_node.dir/src/cameral_func/HikCamera.cpp.o: in function `hik::HikCamera::EnumerateDevices()':
[2.341s] HikCamera.cpp:(.text+0x600): undefined reference to `MV_CC_EnumDevices'
[2.341s] /usr/bin/ld: CMakeFiles/hik_camera_node.dir/src/cameral_func/HikCamera.cpp.o: in function `hik::HikCamera::Open(unsigned int)':
[2.341s] HikCamera.cpp:(.text+0xf87): undefined reference to `MV_CC_EnumDevices'
[2.341s] /usr/bin/ld: HikCamera.cpp:(.text+0x1097): undefined reference to `MV_CC_CreateHandle'
[2.341s] /usr/bin/ld: HikCamera.cpp:(.text+0x1177): undefined reference to `MV_CC_OpenDevice'
[2.341s] /usr/bin/ld: HikCamera.cpp:(.text+0x1201): undefined reference to `MV_CC_DestroyHandle'
[2.341s] /usr/bin/ld: HikCamera.cpp:(.text+0x1276): undefined reference to `MV_CC_SetEnumValue'
[2.341s] /usr/bin/ld: CMakeFiles/hik_camera_node.dir/src/cameral_func/HikCamera.cpp.o: in function `hik::HikCamera::OpenBySerialNumber(std::__cxx11::basic_string<char, std::char_traits<char>, std::allocator<char> > const&)':
[2.341s] HikCamera.cpp:(.text+0x13a8): undefined reference to `MV_CC_EnumDevices'
[2.341s] /usr/bin/ld: CMakeFiles/hik_camera_node.dir/src/cameral_func/HikCamera.cpp.o: in function `hik::HikCamera::StartGrabbing()':
[2.341s] HikCamera.cpp:(.text+0x17da): undefined reference to `MV_CC_StartGrabbing'
[2.341s] /usr/bin/ld: CMakeFiles/hik_camera_node.dir/src/cameral_func/HikCamera.cpp.o: in function `hik::HikCamera::GrabImage(hik::ImageData&, unsigned int)':
[2.341s] HikCamera.cpp:(.text+0x1933): undefined reference to `MV_CC_GetImageBuffer'
[2.341s] /usr/bin/ld: HikCamera.cpp:(.text+0x1a6f): undefined reference to `MV_CC_FreeImageBuffer'
[2.341s] /usr/bin/ld: CMakeFiles/hik_camera_node.dir/src/cameral_func/HikCamera.cpp.o: in function `hik::HikCamera::GrabImageBGR(hik::ImageData&, unsigned int)':
[2.341s] HikCamera.cpp:(.text+0x1b13): undefined reference to `MV_CC_GetImageBuffer'
[2.341s] /usr/bin/ld: HikCamera.cpp:(.text+0x1d57): undefined reference to `MV_CC_ConvertPixelType'
[2.341s] /usr/bin/ld: HikCamera.cpp:(.text+0x1de8): undefined reference to `MV_CC_FreeImageBuffer'
[2.341s] /usr/bin/ld: HikCamera.cpp:(.text+0x1e91): undefined reference to `MV_CC_FreeImageBuffer'
[2.341s] /usr/bin/ld: CMakeFiles/hik_camera_node.dir/src/cameral_func/HikCamera.cpp.o: in function `hik::HikCamera::SetExposureTime(float)':
[2.341s] HikCamera.cpp:(.text+0x1f14): undefined reference to `MV_CC_SetFloatValue'
[2.341s] /usr/bin/ld: CMakeFiles/hik_camera_node.dir/src/cameral_func/HikCamera.cpp.o: in function `hik::HikCamera::GetExposureTime()':
[2.341s] HikCamera.cpp:(.text+0x200e): undefined reference to `MV_CC_GetFloatValue'
[2.341s] /usr/bin/ld: CMakeFiles/hik_camera_node.dir/src/cameral_func/HikCamera.cpp.o: in function `hik::HikCamera::SetGain(float)':
[2.341s] HikCamera.cpp:(.text+0x20a4): undefined reference to `MV_CC_SetFloatValue'
[2.341s] /usr/bin/ld: CMakeFiles/hik_camera_node.dir/src/cameral_func/HikCamera.cpp.o: in function `hik::HikCamera::GetGain()':
[2.341s] HikCamera.cpp:(.text+0x219e): undefined reference to `MV_CC_GetFloatValue'
[2.341s] /usr/bin/ld: CMakeFiles/hik_camera_node.dir/src/cameral_func/HikCamera.cpp.o: in function `hik::HikCamera::SetTriggerMode(bool)':
[2.341s] HikCamera.cpp:(.text+0x2242): undefined reference to `MV_CC_SetEnumValue'
[2.341s] /usr/bin/ld: CMakeFiles/hik_camera_node.dir/src/cameral_func/HikCamera.cpp.o: in function `hik::HikCamera::TriggerSoftware()':
[2.341s] HikCamera.cpp:(.text+0x234a): undefined reference to `MV_CC_SetCommandValue'
[2.341s] /usr/bin/ld: CMakeFiles/hik_camera_node.dir/src/cameral_func/HikCamera.cpp.o: in function `hik::HikCamera::GetWidth()':
[2.341s] HikCamera.cpp:(.text+0x243d): undefined reference to `MV_CC_GetIntValue'
[2.341s] /usr/bin/ld: CMakeFiles/hik_camera_node.dir/src/cameral_func/HikCamera.cpp.o: in function `hik::HikCamera::GetHeight()':
[2.341s] HikCamera.cpp:(.text+0x24ad): undefined reference to `MV_CC_GetIntValue'
[2.378s] clang: [0;1;31merror: [0m[1mlinker command failed with exit code 1 (use -v to see invocation)[0m
[2.381s] gmake[2]: *** [CMakeFiles/hik_camera_node.dir/build.make:246：hik_camera_node] 错误 1
[2.381s] gmake[1]: *** [CMakeFiles/Makefile2:137：CMakeFiles/hik_camera_node.dir/all] 错误 2
[2.381s] gmake: *** [Makefile:146：all] 错误 2
[2.384s] Invoked command in '/home/skyworld/文档/Ros/build/hik_camera' returned '2': CMAKE_PREFIX_PATH=/opt/ros/humble /usr/bin/cmake --build /home/skyworld/文档/Ros/build/hik_camera -- -j24 -l24
