[0.006s] Invoking command in '/home/skyworld/文档/Ros/build/hik_camera': CMAKE_PREFIX_PATH=${CMAKE_PREFIX_PATH}:/opt/ros/humble /usr/bin/cmake /home/skyworld/文档/Ros/src/hik_camera -DCMAKE_INSTALL_PREFIX=/home/skyworld/文档/Ros/install/hik_camera
[0.012s] -- USE_CLANG=ON: Found clang at /usr/bin/clang and clang++ at /usr/bin/clang++; setting compilers to clang/clang++
[0.056s] -- The C compiler identification is Clang 14.0.0
[0.117s] -- The CXX compiler identification is Clang 14.0.0
[0.120s] -- Detecting C compiler ABI info
[0.189s] -- Detecting C compiler ABI info - done
[0.190s] -- Check for working C compiler: /usr/bin/clang - skipped
[0.190s] -- Detecting C compile features
[0.191s] -- Detecting C compile features - done
[0.192s] -- Detecting CXX compiler ABI info
[0.273s] -- Detecting CXX compiler ABI info - done
[0.275s] -- Check for working CXX compiler: /usr/bin/clang++ - skipped
[0.275s] -- Detecting CXX compile features
[0.275s] -- Detecting CXX compile features - done
[0.276s] -- Found ament_cmake: 1.3.12 (/opt/ros/humble/share/ament_cmake/cmake)
[0.366s] -- Found Python3: /usr/bin/python3 (found version "3.10.12") found components: Interpreter 
[0.407s] -- Found rclcpp: 16.0.15 (/opt/ros/humble/share/rclcpp/cmake)
[0.426s] -- Found rosidl_generator_c: 3.1.7 (/opt/ros/humble/share/rosidl_generator_c/cmake)
[0.428s] -- Found rosidl_adapter: 3.1.7 (/opt/ros/humble/share/rosidl_adapter/cmake)
[0.432s] -- Found rosidl_generator_cpp: 3.1.7 (/opt/ros/humble/share/rosidl_generator_cpp/cmake)
[0.436s] -- Using all available rosidl_typesupport_c: rosidl_typesupport_fastrtps_c;rosidl_typesupport_introspection_c
[0.443s] -- Using all available rosidl_typesupport_cpp: rosidl_typesupport_fastrtps_cpp;rosidl_typesupport_introspection_cpp
[0.460s] -- Found rmw_implementation_cmake: 6.1.2 (/opt/ros/humble/share/rmw_implementation_cmake/cmake)
[0.460s] -- Found rmw_fastrtps_cpp: 6.2.8 (/opt/ros/humble/share/rmw_fastrtps_cpp/cmake)
[0.510s] -- Found OpenSSL: /usr/lib/x86_64-linux-gnu/libcrypto.so (found version "3.0.2")  
[0.524s] -- Found FastRTPS: /opt/ros/humble/include  
[0.545s] -- Using RMW implementation 'rmw_fastrtps_cpp' as default
[0.548s] -- Looking for pthread.h
[0.616s] -- Looking for pthread.h - found
[0.616s] -- Performing Test CMAKE_HAVE_LIBC_PTHREAD
[0.686s] -- Performing Test CMAKE_HAVE_LIBC_PTHREAD - Success
[0.686s] -- Found Threads: TRUE  
[0.709s] -- Found sensor_msgs: 4.9.0 (/opt/ros/humble/share/sensor_msgs/cmake)
[0.723s] -- Found cv_bridge: 3.2.1 (/opt/ros/humble/share/cv_bridge/cmake)
[0.729s] -- Found OpenCV: /usr (found version "4.5.4") 
[0.729s] -- Found Hikvision SDK libs in /home/skyworld/文档/Ros/src/hik_camera/include/hik_camera/lib/64
[0.730s] -- Found ament_lint_auto: 0.12.14 (/opt/ros/humble/share/ament_lint_auto/cmake)
[0.768s] -- Added test 'cppcheck' to perform static code analysis on C / C++ code
[0.768s] -- Configured cppcheck include dirs: $<BUILD_INTERFACE:/home/skyworld/文档/Ros/src/hik_camera/include/hik_camera>
[0.768s] -- Configured cppcheck exclude dirs and/or files: 
[0.768s] -- Added test 'flake8' to check Python code syntax and style conventions
[0.768s] -- Added test 'lint_cmake' to check CMake code style
[0.769s] -- Added test 'pep257' to check Python code against some of the docstring style conventions in PEP 257
[0.770s] -- Added test 'uncrustify' to check C / C++ code style
[0.770s] -- Configured uncrustify additional arguments: 
[0.770s] -- Added test 'xmllint' to check XML markup files
[0.771s] -- Configuring done
[0.778s] -- Generating done
[0.779s] -- Build files have been written to: /home/skyworld/文档/Ros/build/hik_camera
[0.786s] Invoked command in '/home/skyworld/文档/Ros/build/hik_camera' returned '0': CMAKE_PREFIX_PATH=${CMAKE_PREFIX_PATH}:/opt/ros/humble /usr/bin/cmake /home/skyworld/文档/Ros/src/hik_camera -DCMAKE_INSTALL_PREFIX=/home/skyworld/文档/Ros/install/hik_camera
[0.787s] Invoking command in '/home/skyworld/文档/Ros/build/hik_camera': CMAKE_PREFIX_PATH=${CMAKE_PREFIX_PATH}:/opt/ros/humble /usr/bin/cmake --build /home/skyworld/文档/Ros/build/hik_camera -- -j24 -l24
[0.822s] [ 33%] [32mBuilding CXX object CMakeFiles/hik_camera_node.dir/src/hik_camera_node.cpp.o[0m
[0.823s] [ 66%] [32mBuilding CXX object CMakeFiles/hik_camera_node.dir/src/cameral_func/HikCamera.cpp.o[0m
[2.567s] [100%] [32m[1mLinking CXX executable hik_camera_node[0m
[2.945s] [100%] Built target hik_camera_node
[2.954s] Invoked command in '/home/skyworld/文档/Ros/build/hik_camera' returned '0': CMAKE_PREFIX_PATH=${CMAKE_PREFIX_PATH}:/opt/ros/humble /usr/bin/cmake --build /home/skyworld/文档/Ros/build/hik_camera -- -j24 -l24
[2.961s] Invoking command in '/home/skyworld/文档/Ros/build/hik_camera': CMAKE_PREFIX_PATH=${CMAKE_PREFIX_PATH}:/opt/ros/humble /usr/bin/cmake --install /home/skyworld/文档/Ros/build/hik_camera
[2.970s] -- Install configuration: ""
[2.970s] -- Installing: /home/skyworld/文档/Ros/install/hik_camera/lib/hik_camera/hik_camera_node
[2.970s] -- Set runtime path of "/home/skyworld/文档/Ros/install/hik_camera/lib/hik_camera/hik_camera_node" to "/home/skyworld/文档/Ros/src/hik_camera/include/hik_camera/lib/64"
[2.970s] -- Installing: /home/skyworld/文档/Ros/install/hik_camera/share/hik_camera/launch
[2.970s] -- Installing: /home/skyworld/文档/Ros/install/hik_camera/share/hik_camera/launch/hik_camera_launch.py
[2.970s] -- Installing: /home/skyworld/文档/Ros/install/hik_camera/share/ament_index/resource_index/package_run_dependencies/hik_camera
[2.970s] -- Installing: /home/skyworld/文档/Ros/install/hik_camera/share/ament_index/resource_index/parent_prefix_path/hik_camera
[2.971s] -- Installing: /home/skyworld/文档/Ros/install/hik_camera/share/hik_camera/environment/ament_prefix_path.sh
[2.971s] -- Installing: /home/skyworld/文档/Ros/install/hik_camera/share/hik_camera/environment/ament_prefix_path.dsv
[2.971s] -- Installing: /home/skyworld/文档/Ros/install/hik_camera/share/hik_camera/environment/path.sh
[2.971s] -- Installing: /home/skyworld/文档/Ros/install/hik_camera/share/hik_camera/environment/path.dsv
[2.971s] -- Installing: /home/skyworld/文档/Ros/install/hik_camera/share/hik_camera/local_setup.bash
[2.971s] -- Installing: /home/skyworld/文档/Ros/install/hik_camera/share/hik_camera/local_setup.sh
[2.971s] -- Installing: /home/skyworld/文档/Ros/install/hik_camera/share/hik_camera/local_setup.zsh
[2.971s] -- Installing: /home/skyworld/文档/Ros/install/hik_camera/share/hik_camera/local_setup.dsv
[2.971s] -- Installing: /home/skyworld/文档/Ros/install/hik_camera/share/hik_camera/package.dsv
[2.971s] -- Installing: /home/skyworld/文档/Ros/install/hik_camera/share/ament_index/resource_index/packages/hik_camera
[2.971s] -- Installing: /home/skyworld/文档/Ros/install/hik_camera/share/hik_camera/cmake/hik_cameraConfig.cmake
[2.971s] -- Installing: /home/skyworld/文档/Ros/install/hik_camera/share/hik_camera/cmake/hik_cameraConfig-version.cmake
[2.971s] -- Installing: /home/skyworld/文档/Ros/install/hik_camera/share/hik_camera/package.xml
[2.972s] Invoked command in '/home/skyworld/文档/Ros/build/hik_camera' returned '0': CMAKE_PREFIX_PATH=${CMAKE_PREFIX_PATH}:/opt/ros/humble /usr/bin/cmake --install /home/skyworld/文档/Ros/build/hik_camera
