[0.007s] Invoking command in '/home/skyworld/文档/Ros/build/hik_camera': CMAKE_PREFIX_PATH=${CMAKE_PREFIX_PATH}:/opt/ros/humble /usr/bin/cmake /home/skyworld/文档/Ros/src/hik_camera -DCMAKE_INSTALL_PREFIX=/home/skyworld/文档/Ros/install/hik_camera
[0.013s] -- USE_CLANG=ON: Found clang at /usr/bin/clang and clang++ at /usr/bin/clang++; setting compilers to clang/clang++
[0.065s] -- The C compiler identification is Clang 14.0.0
[0.134s] -- The CXX compiler identification is Clang 14.0.0
[0.134s] -- Detecting C compiler ABI info
[0.200s] -- Detecting C compiler ABI info - done
[0.202s] -- Check for working C compiler: /usr/bin/clang - skipped
[0.202s] -- Detecting C compile features
[0.202s] -- Detecting C compile features - done
[0.205s] -- Detecting CXX compiler ABI info
[0.290s] -- Detecting CXX compiler ABI info - done
[0.291s] -- Check for working CXX compiler: /usr/bin/clang++ - skipped
[0.291s] -- Detecting CXX compile features
[0.292s] -- Detecting CXX compile features - done
[0.293s] -- Found ament_cmake: 1.3.12 (/opt/ros/humble/share/ament_cmake/cmake)
[0.374s] -- Found Python3: /usr/bin/python3 (found version "3.10.12") found components: Interpreter 
[0.427s] -- Found rclcpp: 16.0.15 (/opt/ros/humble/share/rclcpp/cmake)
[0.443s] -- Found rosidl_generator_c: 3.1.7 (/opt/ros/humble/share/rosidl_generator_c/cmake)
[0.444s] -- Found rosidl_adapter: 3.1.7 (/opt/ros/humble/share/rosidl_adapter/cmake)
[0.448s] -- Found rosidl_generator_cpp: 3.1.7 (/opt/ros/humble/share/rosidl_generator_cpp/cmake)
[0.453s] -- Using all available rosidl_typesupport_c: rosidl_typesupport_fastrtps_c;rosidl_typesupport_introspection_c
[0.460s] -- Using all available rosidl_typesupport_cpp: rosidl_typesupport_fastrtps_cpp;rosidl_typesupport_introspection_cpp
[0.479s] -- Found rmw_implementation_cmake: 6.1.2 (/opt/ros/humble/share/rmw_implementation_cmake/cmake)
[0.480s] -- Found rmw_fastrtps_cpp: 6.2.8 (/opt/ros/humble/share/rmw_fastrtps_cpp/cmake)
[0.533s] -- Found OpenSSL: /usr/lib/x86_64-linux-gnu/libcrypto.so (found version "3.0.2")  
[0.547s] -- Found FastRTPS: /opt/ros/humble/include  
[0.569s] -- Using RMW implementation 'rmw_fastrtps_cpp' as default
[0.572s] -- Looking for pthread.h
[0.641s] -- Looking for pthread.h - found
[0.642s] -- Performing Test CMAKE_HAVE_LIBC_PTHREAD
[0.711s] -- Performing Test CMAKE_HAVE_LIBC_PTHREAD - Success
[0.711s] -- Found Threads: TRUE  
[0.737s] -- Found sensor_msgs: 4.9.0 (/opt/ros/humble/share/sensor_msgs/cmake)
[0.748s] -- Found cv_bridge: 3.2.1 (/opt/ros/humble/share/cv_bridge/cmake)
[0.755s] -- Found OpenCV: /usr (found version "4.5.4") 
[0.756s] -- Found Hikvision SDK libs in /home/skyworld/文档/Ros/src/hik_camera/include/hik_camera/lib/64
[0.756s] -- Found ament_lint_auto: 0.12.14 (/opt/ros/humble/share/ament_lint_auto/cmake)
[0.795s] -- Added test 'cppcheck' to perform static code analysis on C / C++ code
[0.795s] -- Configured cppcheck include dirs: $<BUILD_INTERFACE:/home/skyworld/文档/Ros/src/hik_camera/include/hik_camera>
[0.795s] -- Configured cppcheck exclude dirs and/or files: 
[0.795s] -- Added test 'flake8' to check Python code syntax and style conventions
[0.796s] -- Added test 'lint_cmake' to check CMake code style
[0.796s] -- Added test 'pep257' to check Python code against some of the docstring style conventions in PEP 257
[0.797s] -- Added test 'uncrustify' to check C / C++ code style
[0.797s] -- Configured uncrustify additional arguments: 
[0.797s] -- Added test 'xmllint' to check XML markup files
[0.798s] -- Configuring done
[0.805s] -- Generating done
[0.806s] -- Build files have been written to: /home/skyworld/文档/Ros/build/hik_camera
[0.813s] Invoked command in '/home/skyworld/文档/Ros/build/hik_camera' returned '0': CMAKE_PREFIX_PATH=${CMAKE_PREFIX_PATH}:/opt/ros/humble /usr/bin/cmake /home/skyworld/文档/Ros/src/hik_camera -DCMAKE_INSTALL_PREFIX=/home/skyworld/文档/Ros/install/hik_camera
[0.815s] Invoking command in '/home/skyworld/文档/Ros/build/hik_camera': CMAKE_PREFIX_PATH=${CMAKE_PREFIX_PATH}:/opt/ros/humble /usr/bin/cmake --build /home/skyworld/文档/Ros/build/hik_camera -- -j24 -l24
[0.851s] [ 66%] [32mBuilding CXX object CMakeFiles/hik_camera_node.dir/src/hik_camera_node.cpp.o[0m
[0.851s] [ 66%] [32mBuilding CXX object CMakeFiles/hik_camera_node.dir/src/cameral_func/HikCamera.cpp.o[0m
[2.614s] [100%] [32m[1mLinking CXX executable hik_camera_node[0m
[2.992s] [100%] Built target hik_camera_node
[3.001s] Invoked command in '/home/skyworld/文档/Ros/build/hik_camera' returned '0': CMAKE_PREFIX_PATH=${CMAKE_PREFIX_PATH}:/opt/ros/humble /usr/bin/cmake --build /home/skyworld/文档/Ros/build/hik_camera -- -j24 -l24
[3.008s] Invoking command in '/home/skyworld/文档/Ros/build/hik_camera': CMAKE_PREFIX_PATH=${CMAKE_PREFIX_PATH}:/opt/ros/humble /usr/bin/cmake --install /home/skyworld/文档/Ros/build/hik_camera
[3.014s] -- Install configuration: ""
[3.014s] -- Installing: /home/skyworld/文档/Ros/install/hik_camera/lib/hik_camera/hik_camera_node
[3.014s] -- Set runtime path of "/home/skyworld/文档/Ros/install/hik_camera/lib/hik_camera/hik_camera_node" to "/home/skyworld/文档/Ros/src/hik_camera/include/hik_camera/lib/64"
[3.015s] -- Installing: /home/skyworld/文档/Ros/install/hik_camera/share/hik_camera/launch
[3.015s] -- Installing: /home/skyworld/文档/Ros/install/hik_camera/share/hik_camera/launch/hik_camera_launch.py
[3.015s] -- Installing: /home/skyworld/文档/Ros/install/hik_camera/share/ament_index/resource_index/package_run_dependencies/hik_camera
[3.016s] -- Installing: /home/skyworld/文档/Ros/install/hik_camera/share/ament_index/resource_index/parent_prefix_path/hik_camera
[3.016s] -- Installing: /home/skyworld/文档/Ros/install/hik_camera/share/hik_camera/environment/ament_prefix_path.sh
[3.016s] -- Installing: /home/skyworld/文档/Ros/install/hik_camera/share/hik_camera/environment/ament_prefix_path.dsv
[3.016s] -- Installing: /home/skyworld/文档/Ros/install/hik_camera/share/hik_camera/environment/path.sh
[3.016s] -- Installing: /home/skyworld/文档/Ros/install/hik_camera/share/hik_camera/environment/path.dsv
[3.016s] -- Installing: /home/skyworld/文档/Ros/install/hik_camera/share/hik_camera/local_setup.bash
[3.016s] -- Installing: /home/skyworld/文档/Ros/install/hik_camera/share/hik_camera/local_setup.sh
[3.016s] -- Installing: /home/skyworld/文档/Ros/install/hik_camera/share/hik_camera/local_setup.zsh
[3.016s] -- Installing: /home/skyworld/文档/Ros/install/hik_camera/share/hik_camera/local_setup.dsv
[3.016s] -- Installing: /home/skyworld/文档/Ros/install/hik_camera/share/hik_camera/package.dsv
[3.016s] -- Installing: /home/skyworld/文档/Ros/install/hik_camera/share/ament_index/resource_index/packages/hik_camera
[3.016s] -- Installing: /home/skyworld/文档/Ros/install/hik_camera/share/hik_camera/cmake/hik_cameraConfig.cmake
[3.017s] -- Installing: /home/skyworld/文档/Ros/install/hik_camera/share/hik_camera/cmake/hik_cameraConfig-version.cmake
[3.017s] -- Installing: /home/skyworld/文档/Ros/install/hik_camera/share/hik_camera/package.xml
[3.018s] Invoked command in '/home/skyworld/文档/Ros/build/hik_camera' returned '0': CMAKE_PREFIX_PATH=${CMAKE_PREFIX_PATH}:/opt/ros/humble /usr/bin/cmake --install /home/skyworld/文档/Ros/build/hik_camera
