-- USE_CLANG=ON: Found clang at /usr/bin/clang and clang++ at /usr/bin/clang++; setting compilers to clang/clang++
-- Found ament_cmake: 1.3.12 (/opt/ros/humble/share/ament_cmake/cmake)
-- Found rclcpp: 16.0.15 (/opt/ros/humble/share/rclcpp/cmake)
-- Found rosidl_generator_c: 3.1.7 (/opt/ros/humble/share/rosidl_generator_c/cmake)
-- Found rosidl_adapter: 3.1.7 (/opt/ros/humble/share/rosidl_adapter/cmake)
-- Found rosidl_generator_cpp: 3.1.7 (/opt/ros/humble/share/rosidl_generator_cpp/cmake)
-- Using all available rosidl_typesupport_c: rosidl_typesupport_fastrtps_c;rosidl_typesupport_introspection_c
-- Using all available rosidl_typesupport_cpp: rosidl_typesupport_fastrtps_cpp;rosidl_typesupport_introspection_cpp
-- Found rmw_implementation_cmake: 6.1.2 (/opt/ros/humble/share/rmw_implementation_cmake/cmake)
-- Found rmw_fastrtps_cpp: 6.2.8 (/opt/ros/humble/share/rmw_fastrtps_cpp/cmake)
-- Using RMW implementation 'rmw_fastrtps_cpp' as default
-- Found sensor_msgs: 4.9.0 (/opt/ros/humble/share/sensor_msgs/cmake)
-- Found cv_bridge: 3.2.1 (/opt/ros/humble/share/cv_bridge/cmake)
-- Found Hikvision SDK libs in /home/skyworld/文档/Ros/src/hik_camera/include/hik_camera/lib/64
-- Found ament_lint_auto: 0.12.14 (/opt/ros/humble/share/ament_lint_auto/cmake)
-- Added test 'cppcheck' to perform static code analysis on C / C++ code
-- Configured cppcheck include dirs: $<BUILD_INTERFACE:/home/skyworld/文档/Ros/src/hik_camera/include/hik_camera>
-- Configured cppcheck exclude dirs and/or files: 
-- Added test 'lint_cmake' to check CMake code style
-- Added test 'uncrustify' to check C / C++ code style
-- Configured uncrustify additional arguments: 
-- Added test 'xmllint' to check XML markup files
-- Configuring done
-- Generating done
-- Build files have been written to: /home/skyworld/文档/Ros/build/hik_camera
[35m[1mConsolidate compiler generated dependencies of target hik_camera_node[0m
[ 33%] [32mBuilding CXX object CMakeFiles/hik_camera_node.dir/src/cameral_func/HikCamera.cpp.o[0m
[1m/home/skyworld/文档/Ros/src/hik_camera/src/cameral_func/HikCamera.cpp:310:17: [0m[0;1;35mwarning: [0m[1mcomparison of integers of different signs: 'int' and 'unsigned int' [-Wsign-compare][0m
        if (ret != MV_E_NODATA)
[0;1;32m            ~~~ ^  ~~~~~~~~~~~
[0m[1m/home/skyworld/文档/Ros/src/hik_camera/src/cameral_func/HikCamera.cpp:365:10: [0m[0;1;35mwarning: [0m[1mvariable 'needConvert' set but not used [-Wunused-but-set-variable][0m
    bool needConvert = true;
[0;1;32m         ^
[0m[1m/home/skyworld/文档/Ros/src/hik_camera/src/cameral_func/HikCamera.cpp:345:17: [0m[0;1;35mwarning: [0m[1mcomparison of integers of different signs: 'int' and 'unsigned int' [-Wsign-compare][0m
        if (ret != MV_E_NODATA)
[0;1;32m            ~~~ ^  ~~~~~~~~~~~
[0m3 warnings generated.
[ 66%] [32m[1mLinking CXX executable hik_camera_node[0m
[100%] Built target hik_camera_node
-- Install configuration: ""
[31mCMake Error at cmake_install.cmake:52 (file):
  file cannot create directory: /usr/local/lib/hik_camera.  Maybe need
  administrative privileges.

[0m
